<?xml version="1.0" encoding="UTF-8"?>
<testng-results skipped="0" failed="0" ignored="0" total="1" passed="1">
  <reporter-output>
  </reporter-output>
  <suite name="Default suite" duration-ms="25647" started-at="2019-01-26T12:39:00Z" finished-at="2019-01-26T12:39:26Z">
    <groups>
    </groups>
    <test name="Default test" duration-ms="25647" started-at="2019-01-26T12:39:00Z" finished-at="2019-01-26T12:39:26Z">
      <class name="India.TestPOM.NewTest">
        <test-method status="PASS" signature="f()[pri:0, instance:India.TestPOM.NewTest@224edc67]" name="f" duration-ms="25596" started-at="2019-01-26T12:39:00Z" finished-at="2019-01-26T12:39:26Z">
          <reporter-output>
          </reporter-output>
        </test-method> <!-- f -->
      </class> <!-- India.TestPOM.NewTest -->
    </test> <!-- Default test -->
  </suite> <!-- Default suite -->
</testng-results>
